Row  0: BLK GRN GRN GRN BLK BLK ORG ORG ORG BLK BLK ORG ORG ORG BLK BLK ORG ORG ORG BLK BLK BLK BLK BLK BLK
Row  1: GRN GRN BLK GRN GRN ORG ??? BLK ??? ORG ORG ORG BLK ??? ORG ORG ORG ORG ORG ORG BLK BLK BLK BLK BLK
Row  2: GRN BLK BLK BLK GRN ORG BLK BLK BLK ORG ORG BLK BLK BLK ??? ORG ORG ORG ORG ORG BLK BLK BLK BLK BLK
Row  3: GRN GRN BLK GRN GRN ORG ??? BLK ??? ORG ORG ??? BLK ??? ORG ORG ORG ORG ORG ORG BLK BLK BLK BLK BLK
Row  4: BLK GRN GRN GRN BLK BLK ORG ??? ORG BLK BLK ORG ORG ORG BLK BLK ORG ORG ORG BLK BLK BLK BLK BLK BLK
Row  5: BLK GRN GRN GRN BLK BLK ORG ORG ORG BLK BLK ORG ORG ORG BLK BLK BLK BLK BLK BLK BLK BLK BLK BLK BLK
Row  6: GRN GRN BLK GRN GRN ORG ??? BLK ??? ORG ORG ORG BLK ??? ORG BLK BLK BLK BLK BLK BLK BLK BLK BLK BLK
Row  7: GRN BLK BLK BLK GRN ORG BLK BLK BLK ORG ORG BLK BLK BLK ??? BLK BLK BLK BLK BLK BLK BLK BLK BLK BLK
Row  8: GRN GRN BLK GRN GRN ORG ??? BLK ??? ORG ORG ??? BLK ??? ORG BLK BLK BLK BLK BLK BLK BLK BLK BLK BLK
Row  9: BLK GRN GRN GRN BLK BLK ORG ??? ORG BLK BLK ORG ORG ORG BLK BLK BLK BLK BLK BLK BLK BLK BLK BLK BLK
Row 10: BLK GRN GRN GRN BLK BLK ORG ORG ORG BLK BLK ORG ORG ORG BLK BLK BLK BLK BLK BLK BLK BLK BLK BLK BLK
Row 11: BLK GRN GRN GRN BLK BLK ORG ORG ORG BLK BLK ORG ORG ORG BLK BLK BLK BLK BLK BLK BLK BLK BLK BLK BLK
Row 12: BLK ??? GRY ??? BLK BLK ORG ORG ??? BLK BLK BLK BLK BLK BLK BLK BLK BLK BLK BLK BLK BLK BLK BLK BLK
Row 13: ??? GRY GRY GRY ??? ORG ORG ORG ORG ??? BLK BLK BLK BLK BLK BLK BLK BLK BLK BLK BLK BLK BLK BLK BLK
Row 14: GRY GRY GRY GRY GRY ORG ORG ORG ORG ORG BLK BLK BLK BLK BLK BLK BLK BLK BLK BLK BLK BLK BLK BLK BLK
Row 15: ??? GRY GRY GRY ??? ??? ORG ORG ORG ??? BLK BLK BLK BLK BLK BLK BLK BLK BLK BLK BLK BLK BLK BLK BLK
Row 16: BLK ??? GRY ??? BLK BLK ??? ORG ??? BLK BLK BLK BLK BLK BLK BLK BLK BLK BLK BLK BLK BLK BLK BLK BLK
Row 17: BLK ??? GRY ??? BLK BLK ORG ORG ??? BLK BLK BLK BLK BLK BLK BLK BLK BLK BLK BLK BLK BLK BLK BLK BLK
Row 18: ??? GRY GRY GRY ??? ORG ORG ORG ORG ??? BLK BLK BLK BLK BLK BLK BLK BLK BLK BLK BLK BLK BLK BLK BLK
Row 19: GRY GRY GRY GRY GRY ORG ORG ORG ORG ORG BLK BLK BLK BLK BLK BLK BLK BLK BLK BLK BLK BLK BLK BLK BLK
Row 20: ??? GRY GRY GRY ??? ??? ORG ORG ORG ??? BLK BLK BLK BLK BLK BLK BLK BLK BLK BLK BLK BLK BLK BLK BLK
Row 21: BLK ??? GRY ??? BLK BLK ??? ORG ??? BLK BLK BLK BLK BLK BLK BLK BLK BLK BLK BLK BLK BLK BLK BLK BLK
Row 22: GRY GRY GRY GRY GRY ORG ORG ORG ORG ORG BLK BLK BLK BLK BLK BLK BLK BLK BLK BLK BLK BLK BLK BLK BLK
Row 23: GRY GRY GRY GRY GRY ORG ORG ORG ORG ORG BLK BLK BLK BLK BLK BLK BLK BLK BLK BLK BLK BLK BLK BLK BLK
Row 24: ??? ??? ??? ??? ??? ORG ORG ORG ORG ORG BLK BLK BLK BLK BLK BLK BLK BLK BLK BLK BLK BLK BLK BLK BLK
Row 25: ??? ??? ??? ??? ??? ORG ORG ORG ORG ORG BLK BLK BLK BLK BLK BLK BLK BLK BLK BLK BLK BLK BLK BLK BLK
